2024-06-13_13-59-00 - ERROR in video_detect.py function detect : Video Detector Warning!!
NoneType: None
2024-06-13_14-21-40 - ERROR in video_detect.py function detect : Video Detector Warning!!
NoneType: None
2024-06-13_14-55-37 - ERROR in video_detect.py function detect : An error of type AssertionError occurred: Queue <multiprocessing.queues.Queue object at 0x000002A264471730> not closed
Traceback (most recent call last):
  File "H:\Code_Workspace_Files\python_Workspace\pycharmwork\Software_engineering_bighomework\home_security_surveillance\video_process\video_detect.py", line 504, in detect
    frame_queue.join_thread()
  File "D:\anaconda3\envs\python39\lib\multiprocessing\queues.py", line 152, in join_thread
    assert self._closed, "Queue {0!r} not closed".format(self)
AssertionError: Queue <multiprocessing.queues.Queue object at 0x000002A264471730> not closed
2024-06-13_15-17-10 - ERROR in video_detect.py function detect : Video Detector Warning!!
NoneType: None
2024-06-13_15-17-10 - ERROR in video_detect.py function detect : Video Detector Warning!!
NoneType: None
2024-06-13_15-17-10 - ERROR in video_detect.py function detect : Video Detector Warning!!
NoneType: None
2024-06-13_15-17-10 - ERROR in video_detect.py function detect : Video Detector Warning!!
NoneType: None
2024-06-13_15-17-10 - ERROR in video_detect.py function detect : Video Detector Warning!!
NoneType: None
2024-06-18_23-08-38 - ERROR in video_detect.py function detect : An error of type KeyError occurred: tensor([0.], device='cuda:0')
Traceback (most recent call last):
  File "H:\Code_Workspace_Files\python_Workspace\pycharmwork\Software_engineering_bighomework\home_security_surveillance\Video_process\video_detect.py", line 555, in detect
    warning_mode |= self.mode_precdict_warning_mode[mode][box.cls]
KeyError: tensor([0.], device='cuda:0')
2024-06-18_23-13-12 - ERROR in video_detect.py function detect : Video Detector Warning!!!
The warning code is 4, the warning conf is [0, 0, 0.9124090075492859, 0]
NoneType: None
2024-06-18_23-15-29 - ERROR in video_detect.py function detect : Video Detector Warning!!!
The warning code is 4, the warning conf is [0, 0, 0.9059841632843018, 0]
NoneType: None
2024-06-18_23-17-48 - ERROR in video_detect.py function detect : Video Detector Warning!!!
The warning code is 4, the warning conf is [0, 0, 0.9230713248252869, 0]
NoneType: None
2024-06-18_23-23-54 - ERROR in video_detect.py function detect : Video Detector Warning!!!
The warning code is 4, the warning conf is [0, 0, 0.9004427790641785, 0]
NoneType: None
2024-06-18_23-58-53 - ERROR in video_detect.py function detect : Video Detector Warning!!!
The warning code is 4, the warning conf is [0, 0, 0.9018181562423706, 0]
NoneType: None
2024-06-18_23-59-31 - ERROR in video_detect.py function detect : Video Detector Warning!!!
The warning code is 4, the warning conf is [0, 0, 0.5492638349533081, 0]
NoneType: None
2024-06-19_00-01-31 - ERROR in video_detect.py function detect : Video Detector Warning!!!
The warning code is 4, the warning conf is [0, 0, 0.883902370929718, 0]
NoneType: None
2024-06-19_00-09-55 - ERROR in video_detect.py function detect : Video Detector Warning!!!
The warning code is 4, the warning conf is [0, 0, 0.8262928128242493, 0]
NoneType: None
2024-06-19_00-10-29 - ERROR in video_detect.py function detect : Video Detector Warning!!!
The warning code is 4, the warning conf is [0, 0, 0.8982781171798706, 0]
NoneType: None
2024-06-19_00-13-17 - ERROR in video_detect.py function detect : Video Detector Warning!!!
The warning code is 4, the warning conf is [0, 0, 0.8251058459281921, 0]
NoneType: None
2024-06-19_00-14-35 - ERROR in video_detect.py function detect : Video Detector Warning!!!
The warning code is 4, the warning conf is [0, 0, 0.8707318305969238, 0]
NoneType: None
2024-06-19_00-16-40 - ERROR in video_detect.py function detect : Video Detector Warning!!!
The warning code is 4, the warning conf is [0, 0, 0.820796549320221, 0]
NoneType: None
2024-06-19_00-22-31 - ERROR in video_detect.py function detect : Video Detector Warning!!!
The warning code is 4, the warning conf is [0, 0, 0.9444252848625183, 0]
NoneType: None
2024-06-19_00-23-17 - ERROR in video_detect.py function detect : Video Detector Warning!!!
The warning code is 4, the warning conf is [0, 0, 0.9438778758049011, 0]
NoneType: None
2024-06-19_00-23-42 - ERROR in video_detect.py function detect : Video Detector Warning!!!
The warning code is 4, the warning conf is [0, 0, 0.8080065846443176, 0]
NoneType: None
2024-06-19_00-42-21 - ERROR in video_detect.py function detect : Video Detector Warning!!!
The warning code is 4, the warning conf is [0, 0, 0.910824716091156, 0]
NoneType: None
2024-06-19_00-56-12 - ERROR in video_detect.py function detect : Video Detector Warning!!!
The warning code is 4, the warning conf is [0, 0, 0.8776181936264038, 0]
NoneType: None
2024-06-19_01-04-15 - ERROR in video_detect.py function detect : Video Detector Warning!!!
The warning code is 4, the warning conf is [0, 0, 0.9249681234359741, 0]
NoneType: None
2024-06-19_01-13-24 - ERROR in video_detect.py function detect : Video Detector Warning!!!
The warning code is 4, the warning conf is [0, 0, 0.8367543816566467, 0]
NoneType: None
2024-06-19_01-14-05 - ERROR in video_detect.py function detect : Video Detector Warning!!!
The warning code is 4, the warning conf is [0, 0, 0.911176323890686, 0]
NoneType: None
2024-06-19_01-16-10 - ERROR in video_detect.py function detect : Video Detector Warning!!!
The warning code is 4, the warning conf is [0, 0, 0.9161605834960938, 0]
NoneType: None
2024-06-19_01-19-53 - ERROR in video_detect.py function detect : Video Detector Warning!!!
The warning code is 4, the warning conf is [0, 0, 0.8865960240364075, 0]
NoneType: None
2024-06-19_01-22-32 - ERROR in video_detect.py function detect : Video Detector Warning!!!
The warning code is 4, the warning conf is [0, 0, 0.917991578578949, 0]
NoneType: None
2024-06-19_01-22-57 - ERROR in video_detect.py function detect : Video Detector Warning!!!
The warning code is 4, the warning conf is [0, 0, 0.9108619689941406, 0]
NoneType: None
2024-06-19_01-23-19 - ERROR in video_detect.py function detect : Video Detector Warning!!!
The warning code is 4, the warning conf is [0, 0, 0.8911166787147522, 0]
NoneType: None
2024-06-19_01-24-12 - ERROR in video_detect.py function detect : Video Detector Warning!!!
The warning code is 4, the warning conf is [0, 0, 0.9118298888206482, 0]
NoneType: None
2024-06-19_10-00-36 - ERROR in video_detect.py function detect : Video Detector Warning!!!
The warning code is 4, the warning conf is [0, 0, 0.9104085564613342, 0]
NoneType: None
2024-06-19_10-01-45 - ERROR in video_detect.py function detect : Video Detector Warning!!!
The warning code is 12, the warning conf is [0, 0, 0.8674198389053345, 0.4193776547908783]
NoneType: None
2024-06-19_10-02-22 - ERROR in video_detect.py function detect : Video Detector Warning!!!
The warning code is 4, the warning conf is [0, 0, 0.8514606356620789, 0]
NoneType: None
